MusicJump/unityLibrary/build/intermediates/manifest_merge_blame_file/debug/manifest-merger-blame-debug-report.txt
1<?xml version="1.0" encoding="utf-8"?>
2<!-- GENERATED BY UNITY. REMOVE THIS COMMENT TO PREVENT OVERWRITING WHEN EXPORTING AGAIN -->
3<manifest xmlns:android="http://schemas.android.com/apk/res/android"
4    xmlns:tools="http://schemas.android.com/tools"
5    package="com.unity3d.player"
6    android:versionCode="1"
7    android:versionName="0.1" >
8
9    <uses-sdk
10        android:minSdkVersion="26"
10-->src\main\AndroidManifest.xml
11        android:targetSdkVersion="29" />
11-->src\main\AndroidManifest.xml
12
13    <uses-feature android:glEsVersion="0x00030000" />
13-->src\main\AndroidManifest.xml:26:3-52
13-->src\main\AndroidManifest.xml:26:17-49
14    <uses-feature
14-->src\main\AndroidManifest.xml:27:3-91
15        android:name="android.hardware.vulkan.version"
15-->src\main\AndroidManifest.xml:27:17-63
16        android:required="false" />
16-->src\main\AndroidManifest.xml:27:64-88
17    <uses-feature
17-->src\main\AndroidManifest.xml:28:3-88
18        android:name="android.hardware.touchscreen"
18-->src\main\AndroidManifest.xml:28:17-60
19        android:required="false" />
19-->src\main\AndroidManifest.xml:28:61-85
20    <uses-feature
20-->src\main\AndroidManifest.xml:29:3-99
21        android:name="android.hardware.touchscreen.multitouch"
21-->src\main\AndroidManifest.xml:29:17-71
22        android:required="false" />
22-->src\main\AndroidManifest.xml:29:72-96
23    <uses-feature
23-->src\main\AndroidManifest.xml:30:3-108
24        android:name="android.hardware.touchscreen.multitouch.distinct"
24-->src\main\AndroidManifest.xml:30:17-80
25        android:required="false" />
25-->src\main\AndroidManifest.xml:30:81-105
26
27    <application android:theme="@style/Theme.AppCompat.NoActionBar" >
27-->src\main\AndroidManifest.xml:4:3-25:17
27-->src\main\AndroidManifest.xml:5:7-57
28        <activity
28-->src\main\AndroidManifest.xml:6:5-12:16
29            android:name="com.unity3d.player.MainContent"
29-->src\main\AndroidManifest.xml:6:15-42
30            android:screenOrientation="landscape" >
30-->src\main\AndroidManifest.xml:7:9-46
31            <intent-filter>
31-->src\main\AndroidManifest.xml:8:7-11:23
32                <action android:name="android.intent.action.MAIN" />
32-->src\main\AndroidManifest.xml:9:9-61
32-->src\main\AndroidManifest.xml:9:17-58
33
34                <category android:name="android.intent.category.LAUNCHER" />
34-->src\main\AndroidManifest.xml:10:9-69
34-->src\main\AndroidManifest.xml:10:19-66
35            </intent-filter>
36        </activity>
37        <activity
37-->src\main\AndroidManifest.xml:13:5-20:16
38            android:name="com.unity3d.player.UnityPlayerActivity"
38-->src\main\AndroidManifest.xml:13:15-68
39            android:configChanges="mcc|mnc|locale|touchscreen|keyboard|keyboardHidden|navigation|orientation|screenLayout|uiMode|screenSize|smallestScreenSize|fontScale|layoutDirection|density"
39-->src\main\AndroidManifest.xml:13:181-362
40            android:hardwareAccelerated="false"
40-->src\main\AndroidManifest.xml:13:363-398
41            android:launchMode="singleTask"
41-->src\main\AndroidManifest.xml:13:149-180
42            android:screenOrientation="landscape"
42-->src\main\AndroidManifest.xml:13:111-148
43            android:theme="@style/UnityThemeSelector" >
43-->src\main\AndroidManifest.xml:13:69-110
44
45            <!-- <intent-filter> -->
46            <!-- <action android:name="android.intent.action.MAIN" /> -->
47            <!-- <category android:name="android.intent.category.LAUNCHER" /> -->
48            <!-- </intent-filter> -->
49            <meta-data
49-->src\main\AndroidManifest.xml:18:7-82
50                android:name="unityplayer.UnityActivity"
50-->src\main\AndroidManifest.xml:18:18-58
51                android:value="true" />
51-->src\main\AndroidManifest.xml:18:59-79
52            <meta-data
52-->src\main\AndroidManifest.xml:19:7-78
53                android:name="android.notch_support"
53-->src\main\AndroidManifest.xml:19:18-54
54                android:value="true" />
54-->src\main\AndroidManifest.xml:19:55-75
55        </activity>
56
57        <meta-data
57-->src\main\AndroidManifest.xml:21:5-69
58            android:name="unity.splash-mode"
58-->src\main\AndroidManifest.xml:21:16-48
59            android:value="0" />
59-->src\main\AndroidManifest.xml:21:49-66
60        <meta-data
60-->src\main\AndroidManifest.xml:22:5-74
61            android:name="unity.splash-enable"
61-->src\main\AndroidManifest.xml:22:16-50
62            android:value="True" />
62-->src\main\AndroidManifest.xml:22:51-71
63        <meta-data
63-->src\main\AndroidManifest.xml:23:5-81
64            android:name="notch.config"
64-->src\main\AndroidManifest.xml:23:16-43
65            android:value="portrait|landscape" />
65-->src\main\AndroidManifest.xml:23:44-78
66        <meta-data
66-->src\main\AndroidManifest.xml:24:5-101
67            android:name="unity.build-id"
67-->src\main\AndroidManifest.xml:24:16-45
68            android:value="e635756f-8e02-4776-96f9-5a1103069e22" />
68-->src\main\AndroidManifest.xml:24:46-98
69    </application>
70
71</manifest>